<?xml version="1.0" encoding="UTF-8" ?>
<testsuite errors="3" failures="1" hostname="zlightrider" name="Servlet.ProductoServletTest" skipped="0" tests="4" time="0.221" timestamp="2016-12-06T17:26:29">
  <properties>
[...]
</properties>
  <testcase classname="Servlet.ProductoServletTest" name="testDoGet" time="0.02">
    <error type="java.lang.NullPointerException">java.lang.NullPointerException
	at Servlet.ProductoServlet.processRequest(ProductoServlet.java:42)
	at Servlet.ProductoServlet.doGet(ProductoServlet.java:82)
	at Servlet.ProductoServletTest.testDoGet(ProductoServletTest.java:65)
</error>
  </testcase>
  <testcase classname="Servlet.ProductoServletTest" name="testGetServletInfo" time="0.003">
    <failure message="expected:&lt;[]&gt; but was:&lt;[Short description]&gt;" type="junit.framework.AssertionFailedError">junit.framework.AssertionFailedError: expected:&lt;[]&gt; but was:&lt;[Short description]&gt;
	at Servlet.ProductoServletTest.testGetServletInfo(ProductoServletTest.java:93)
</failure>
  </testcase>
  <testcase classname="Servlet.ProductoServletTest" name="testProcessRequest" time="0.002">
    <error type="java.lang.NullPointerException">java.lang.NullPointerException
	at Servlet.ProductoServlet.processRequest(ProductoServlet.java:42)
	at Servlet.ProductoServletTest.testProcessRequest(ProductoServletTest.java:51)
</error>
  </testcase>
  <testcase classname="Servlet.ProductoServletTest" name="testDoPost" time="0.001">
    <error type="java.lang.NullPointerException">java.lang.NullPointerException
	at Servlet.ProductoServlet.processRequest(ProductoServlet.java:42)
	at Servlet.ProductoServlet.doPost(ProductoServlet.java:96)
	at Servlet.ProductoServletTest.testDoPost(ProductoServletTest.java:79)
</error>
  </testcase>
  <system-out><![CDATA[doGet
getServletInfo
processRequest
doPost
]]></system-out>
  <system-err><![CDATA[]]></system-err>
</testsuite>
